DEBUG:root:Order:2 5 5.0
DEBUG:root:Finish turn

DEBUG:root:Order:2 1 98.0
DEBUG:root:Finish turn

DEBUG:root:Order:2 6 5.0
DEBUG:root:Finish turn

DEBUG:root:Finish turn

DEBUG:root:Order:2 19 8.0
DEBUG:root:Finish turn

DEBUG:root:Finish turn

DEBUG:root:Order:2 4 13.0
DEBUG:root:Finish turn

DEBUG:root:Finish turn

DEBUG:root:Finish turn

DEBUG:root:Finish turn

DEBUG:root:Finish turn

DEBUG:root:Finish turn

DEBUG:root:Finish turn

DEBUG:root:Finish turn

DEBUG:root:Order:2 9 39.0
DEBUG:root:Finish turn

DEBUG:root:Finish turn

DEBUG:root:Finish turn

DEBUG:root:Finish turn

DEBUG:root:Order:1 20 27.0
DEBUG:root:Order:1 10 39.0
DEBUG:root:Finish turn

DEBUG:root:Finish turn

DEBUG:root:Order:19 21 47.0
DEBUG:root:Finish turn

DEBUG:root:Order:1 22 12.0
DEBUG:root:Order:5 7 44.0
DEBUG:root:Finish turn

DEBUG:root:Finish turn

DEBUG:root:Finish turn

DEBUG:root:Order:2 13 48.0
DEBUG:root:Finish turn

DEBUG:root:Finish turn

DEBUG:root:Order:4 14 48.0
DEBUG:root:Finish turn

DEBUG:root:Finish turn

DEBUG:root:Finish turn

DEBUG:root:Finish turn

DEBUG:root:Finish turn

DEBUG:root:Finish turn

DEBUG:root:Finish turn

DEBUG:root:Finish turn

DEBUG:root:Order:2 22 52.0
DEBUG:root:Finish turn

DEBUG:root:Finish turn

DEBUG:root:Order:19 0 62.0
DEBUG:root:Finish turn

DEBUG:root:Finish turn

DEBUG:root:Finish turn

DEBUG:root:Finish turn

DEBUG:root:Finish turn

DEBUG:root:Finish turn

DEBUG:root:Order:10 21 24.0
DEBUG:root:Finish turn

DEBUG:root:Order:5 8 67.0
DEBUG:root:Finish turn

DEBUG:root:Finish turn

DEBUG:root:Order:13 6 25.0
DEBUG:root:Finish turn

DEBUG:root:Finish turn

DEBUG:root:Finish turn

DEBUG:root:Order:5 14 6.0
DEBUG:root:Order:7 15 11.0
DEBUG:root:Order:0 9 36.0
DEBUG:root:Order:4 10 44.0
DEBUG:root:Order:2 16 67.0
DEBUG:root:Finish turn

DEBUG:root:Finish turn

DEBUG:root:Finish turn

DEBUG:root:Order:7 20 28.0
DEBUG:root:Finish turn

DEBUG:root:Order:13 6 14.0
DEBUG:root:Finish turn

DEBUG:root:Finish turn

DEBUG:root:Order:8 14 7.0
DEBUG:root:Finish turn

DEBUG:root:Order:10 5 17.0
DEBUG:root:Order:19 11 77.0
DEBUG:root:Finish turn

DEBUG:root:Finish turn

DEBUG:root:Order:7 1 28.0
DEBUG:root:Finish turn

DEBUG:root:Finish turn

DEBUG:root:Finish turn

DEBUG:root:Finish turn

DEBUG:root:Finish turn

DEBUG:root:Order:5 8 21.0
DEBUG:root:Order:20 3 18.0
DEBUG:root:Order:9 6 29.0
DEBUG:root:Finish turn

DEBUG:root:Order:0 1 61.0
DEBUG:root:Order:2 12 77.0
DEBUG:root:Finish turn

DEBUG:root:Order:20 15 14.0
DEBUG:root:Order:19 21 12.0
DEBUG:root:Finish turn

DEBUG:root:Order:7 3 23.0
DEBUG:root:Order:4 16 70.0
DEBUG:root:Finish turn

DEBUG:root:Order:10 6 46.0
DEBUG:root:Finish turn

DEBUG:root:Finish turn

DEBUG:root:Finish turn

DEBUG:root:Finish turn

DEBUG:root:Finish turn

DEBUG:root:Finish turn

DEBUG:root:Finish turn

DEBUG:root:Order:13 3 23.0
DEBUG:root:Order:4 14 9.0
DEBUG:root:Finish turn

DEBUG:root:Finish turn

DEBUG:root:Finish turn

<<<<<<< HEAD
DEBUG:root:Order:5 15 23.0
DEBUG:root:Finish turn

DEBUG:root:Order:11 17 85.0
=======
DEBUG:root:Order:8 15 102.0
DEBUG:root:Finish turn

DEBUG:root:Order:20 12 40.0
DEBUG:root:Order:19 21 71.0
>>>>>>> dbeee44... 4/5 done
DEBUG:root:Finish turn

DEBUG:root:Order:8 13 18.0
DEBUG:root:Finish turn

DEBUG:root:Order:19 18 85.0
DEBUG:root:Finish turn

DEBUG:root:Order:6 3 25.0
DEBUG:root:Order:7 0 48.0
DEBUG:root:Finish turn

DEBUG:root:Finish turn

DEBUG:root:Finish turn

DEBUG:root:Finish turn

<<<<<<< HEAD
DEBUG:root:Finish turn

DEBUG:root:Finish turn

=======
DEBUG:root:Order:8 22 18.0
DEBUG:root:Finish turn

DEBUG:root:Order:8 12 9.0
DEBUG:root:Finish turn

DEBUG:root:Order:11 4 19.0
>>>>>>> dbeee44... 4/5 done
DEBUG:root:Finish turn

DEBUG:root:Finish turn

DEBUG:root:Finish turn

<<<<<<< HEAD
DEBUG:root:Order:15 14 11.0
=======
>>>>>>> dbeee44... 4/5 done
DEBUG:root:Finish turn

DEBUG:root:Finish turn

DEBUG:root:Order:16 12 34.0
DEBUG:root:Finish turn

DEBUG:root:Order:15 0 12.0
DEBUG:root:Finish turn

DEBUG:root:Finish turn

DEBUG:root:Finish turn

DEBUG:root:Finish turn

DEBUG:root:Order:6 12 31.0
DEBUG:root:Finish turn

DEBUG:root:Order:17 9 166.0
DEBUG:root:Finish turn

DEBUG:root:Order:14 21 7.0
DEBUG:root:Finish turn

DEBUG:root:Finish turn

DEBUG:root:Finish turn

DEBUG:root:Finish turn

DEBUG:root:Finish turn

DEBUG:root:Finish turn

DEBUG:root:Finish turn

<<<<<<< HEAD
DEBUG:root:Order:17 13 20.0
=======
DEBUG:root:Order:0 4 16.0
DEBUG:root:Order:14 22 21.0
>>>>>>> dbeee44... 4/5 done
DEBUG:root:Finish turn

DEBUG:root:Finish turn

DEBUG:root:Finish turn

DEBUG:root:Order:11 0 48.0
DEBUG:root:Finish turn

DEBUG:root:Finish turn

DEBUG:root:Finish turn

DEBUG:root:Finish turn

DEBUG:root:Finish turn

DEBUG:root:Order:21 3 9.0
DEBUG:root:Finish turn

DEBUG:root:Finish turn

DEBUG:root:Finish turn

DEBUG:root:Finish turn

DEBUG:root:Finish turn

DEBUG:root:Order:7 18 168.0
DEBUG:root:Finish turn

DEBUG:root:Finish turn

DEBUG:root:Finish turn

DEBUG:root:Order:6 4 20.0
DEBUG:root:Finish turn

DEBUG:root:Finish turn

DEBUG:root:Finish turn

DEBUG:root:Order:9 11 26.0
DEBUG:root:Order:6 21 28.0
DEBUG:root:Finish turn

DEBUG:root:Order:15 12 97.0
DEBUG:root:Finish turn

DEBUG:root:Finish turn

DEBUG:root:Finish turn

DEBUG:root:Finish turn

DEBUG:root:Order:0 22 11.0
DEBUG:root:Finish turn

DEBUG:root:Order:8 13 243.0
DEBUG:root:Finish turn

DEBUG:root:Finish turn

DEBUG:root:Finish turn

DEBUG:root:Finish turn

DEBUG:root:Order:9 0 37.0
DEBUG:root:Finish turn

DEBUG:root:Finish turn

DEBUG:root:Finish turn

DEBUG:root:Order:15 18 72.0
DEBUG:root:Finish turn

DEBUG:root:Finish turn

DEBUG:root:Finish turn

DEBUG:root:Order:14 9 90.0
DEBUG:root:Finish turn

DEBUG:root:Order:14 4 26.0
DEBUG:root:Finish turn

DEBUG:root:Order:5 1 150.0
DEBUG:root:Finish turn

DEBUG:root:Order:5 22 19.0
DEBUG:root:Finish turn

DEBUG:root:Finish turn

<<<<<<< HEAD
=======
DEBUG:root:Finish turn

DEBUG:root:Finish turn

DEBUG:root:Order:8 3 75.0
DEBUG:root:Finish turn

DEBUG:root:Finish turn

DEBUG:root:Finish turn

DEBUG:root:Order:0 21 11.0
DEBUG:root:Finish turn

DEBUG:root:Finish turn

DEBUG:root:Finish turn

DEBUG:root:Finish turn

DEBUG:root:Order:13 18 47.0
DEBUG:root:Finish turn

DEBUG:root:Finish turn

DEBUG:root:Order:0 12 17.0
DEBUG:root:Finish turn

DEBUG:root:Finish turn

DEBUG:root:Finish turn

DEBUG:root:Finish turn

DEBUG:root:Finish turn

DEBUG:root:Finish turn

DEBUG:root:Finish turn

DEBUG:root:Order:0 11 17.0
DEBUG:root:Finish turn

DEBUG:root:Finish turn

DEBUG:root:Order:18 22 10.0
DEBUG:root:Finish turn

DEBUG:root:Order:1 18 37.0
DEBUG:root:Finish turn

DEBUG:root:Finish turn

DEBUG:root:Finish turn

DEBUG:root:Order:1 4 4.0
DEBUG:root:Order:5 0 49.0
DEBUG:root:Finish turn

DEBUG:root:Finish turn

DEBUG:root:Finish turn

DEBUG:root:Finish turn

DEBUG:root:Finish turn

DEBUG:root:Finish turn

DEBUG:root:Finish turn

DEBUG:root:Finish turn

DEBUG:root:Finish turn

DEBUG:root:Order:3 21 9.0
DEBUG:root:Finish turn

DEBUG:root:Finish turn

DEBUG:root:Finish turn

DEBUG:root:Order:5 3 29.0
DEBUG:root:Finish turn

DEBUG:root:Finish turn

DEBUG:root:Finish turn

DEBUG:root:Order:4 22 9.0
DEBUG:root:Finish turn

DEBUG:root:Order:0 4 25.0
DEBUG:root:Finish turn

DEBUG:root:Finish turn

DEBUG:root:Finish turn

DEBUG:root:Finish turn

DEBUG:root:Finish turn

DEBUG:root:Finish turn

DEBUG:root:Finish turn

DEBUG:root:Order:0 21 11.0
DEBUG:root:Finish turn

DEBUG:root:Finish turn

DEBUG:root:Finish turn

DEBUG:root:Finish turn

DEBUG:root:Finish turn

DEBUG:root:Finish turn

DEBUG:root:Order:11 22 18.0
DEBUG:root:Finish turn

DEBUG:root:Finish turn

DEBUG:root:Finish turn

DEBUG:root:Finish turn

DEBUG:root:Finish turn

DEBUG:root:Finish turn

DEBUG:root:Finish turn

DEBUG:root:Finish turn

DEBUG:root:Finish turn

DEBUG:root:Finish turn

DEBUG:root:Finish turn

DEBUG:root:Finish turn

DEBUG:root:Finish turn

DEBUG:root:Finish turn

DEBUG:root:Finish turn

DEBUG:root:Finish turn

>>>>>>> dbeee44... 4/5 done
